<?xml version="1.0" encoding="UTF-8"?>
<!-- Generated by org.testng.reporters.JUnitReportReporter -->
<testsuite hostname="LAPTOP-RKLP3EC1" failures="0" tests="1" name="jenkinsseleniumtestscripts.TC001" time="4.747" errors="0" timestamp="2022-03-03T21:29:57 IST" skipped="0">
  <testcase classname="jenkinsseleniumtestscripts.TC001" name="senddata" time="4.747"/>
  <system-out/>
</testsuite> <!-- jenkinsseleniumtestscripts.TC001 -->
